#
# A fatal error has been detected by the Java Runtime Environment:
#
#  EXCEPTION_ACCESS_VIOLATION (0xc0000005) at pc=0x0000000063c6a190, pid=6896, tid=13292
#
# JRE version: Java(TM) SE Runtime Environment (8.0_40-b25) (build 1.8.0_40-b25)
# Java VM: Java HotSpot(TM) 64-Bit Server VM (25.40-b25 mixed mode windows-amd64 compressed oops)
# Problematic frame:
# V  [jvm.dll+0xfa190]
#
# Failed to write core dump. Minidumps are not enabled by default on client versions of Windows
#
# If you would like to submit a bug report, please visit:
#   http://bugreport.java.com/bugreport/crash.jsp
#

---------------  T H R E A D  ---------------

Current thread (0x0000000058c62800):  VMThread [stack: 0x0000000059d00000,0x0000000059e00000] [id=13292]

siginfo: ExceptionCode=0xc0000005, reading address 0xffffffffffffffff

Registers:
RAX=0x8000000000000000, RBX=0x000000006e250f18, RCX=0x000000006d8d96f8, RDX=0x0000000017612720
RSP=0x0000000059dff730, RBP=0x0000000000000001, RSI=0x000000000000002d, RDI=0x0000000017612720
R8 =0x0000000061d24ba0, R9 =0x000000000000002d, R10=0x0000000062ea73e8, R11=0x000000000000002d
R12=0x0000000061d24a30, R13=0x000000006e250f18, R14=0x000000006e250ee8, R15=0x0000000061d24ba0
RIP=0x0000000063c6a190, EFLAGS=0x0000000000010202

Top of Stack: (sp=0x0000000059dff730)
0x0000000059dff730:   0000000000000000 0000000063d8a74a
0x0000000059dff740:   000000000000002c 0000000063c804f1
0x0000000059dff750:   000000006e250c48 0000000063c6a407
0x0000000059dff760:   0000000017a1b428 0000000000000010
0x0000000059dff770:   0000000062ea6fc0 0000000063c7dfcb
0x0000000059dff780:   0000000017612720 fffffffffffffff8
0x0000000059dff790:   000000005a5ef5f0 000000006e250c48
0x0000000059dff7a0:   0000000058c62800 0000000059dff930
0x0000000059dff7b0:   0000000058c62800 0000000063d350ad
0x0000000059dff7c0:   0000000017a1b428 0000000061d24a30
0x0000000059dff7d0:   0000000058c62800 0000000002232130
0x0000000059dff7e0:   0000000059dff898 000000005cfd5560
0x0000000059dff7f0:   0000000058c62800 0000000000000000
0x0000000059dff800:   0000000000000000 0000000000000000
0x0000000059dff810:   000000006c81d028 0000000058c62800
0x0000000059dff820:   0000000058c62800 0000000058c616c0 

Instructions: (pc=0x0000000063c6a190)
0x0000000063c6a170:   41 18 48 c1 e8 14 a8 01 74 06 48 8b 59 10 eb 1b
0x0000000063c6a180:   48 8b 41 08 48 85 c0 74 44 48 8b 49 08 48 8b 01
0x0000000063c6a190:   ff 50 10 84 c0 74 36 48 8b 5b 08 48 85 db 74 2d
0x0000000063c6a1a0:   48 8b 03 48 8b cb ff 50 10 84 c0 74 20 48 85 ff 


Register to memory mapping:

RAX=0x8000000000000000 is an unknown value
RBX=0x000000006e250f18 is pointing into metadata
RCX=0x000000006d8d96f8 is pointing into metadata
RDX=0x0000000017612720 is pointing into metadata
RSP=0x0000000059dff730 is an unknown value
RBP=0x0000000000000001 is an unknown value
RSI=0x000000000000002d is an unknown value
RDI=0x0000000017612720 is pointing into metadata
R8 =0x0000000061d24ba0 is an unknown value
R9 =0x000000000000002d is an unknown value
R10=0x0000000062ea73e8 is pointing into metadata
R11=0x000000000000002d is an unknown value
R12=0x0000000061d24a30 is an unknown value
R13=0x000000006e250f18 is pointing into metadata
R14=0x000000006e250ee8 is pointing into metadata
R15=0x0000000061d24ba0 is an unknown value


Stack: [0x0000000059d00000,0x0000000059e00000],  sp=0x0000000059dff730,  free space=1021k
Native frames: (J=compiled Java code, j=interpreted, Vv=VM code, C=native code)
V  [jvm.dll+0xfa190]
V  [jvm.dll+0xfa407]
V  [jvm.dll+0x1c50ad]
V  [jvm.dll+0x6154b]
V  [jvm.dll+0x1c58ad]
V  [jvm.dll+0x1c5b3b]
V  [jvm.dll+0x247e97]
V  [jvm.dll+0x247136]
V  [jvm.dll+0x2475d1]
V  [jvm.dll+0x2477ee]
V  [jvm.dll+0x29848a]
C  [msvcr100.dll+0x21d9f]
C  [msvcr100.dll+0x21e3b]
C  [kernel32.dll+0x159bd]
C  [ntdll.dll+0x2a2e1]

VM_Operation (0x000000005a5ef5f0): RedefineClasses, mode: safepoint, requested by thread 0x0000000058cd2800


---------------  P R O C E S S  ---------------

Java Threads: ( => current thread )
  0x000000005c01a000 JavaThread "taskExecutor-10" [_thread_blocked, id=3368, stack(0x0000000070cd0000,0x0000000070dd0000)]
  0x000000005c018000 JavaThread "taskExecutor-9" [_thread_blocked, id=4876, stack(0x000000006f760000,0x000000006f860000)]
  0x000000005c017000 JavaThread "taskExecutor-8" [_thread_blocked, id=13548, stack(0x0000000070560000,0x0000000070660000)]
  0x000000005c016800 JavaThread "http-bio-9000-exec-10" daemon [_thread_blocked, id=8140, stack(0x0000000070460000,0x0000000070560000)]
  0x000000005c015800 JavaThread "taskExecutor-7" [_thread_blocked, id=9456, stack(0x0000000070a30000,0x0000000070b30000)]
  0x000000005c015000 JavaThread "http-bio-9000-exec-9" daemon [_thread_blocked, id=11924, stack(0x0000000070220000,0x0000000070320000)]
  0x000000006299d800 JavaThread "taskExecutor-6" [_thread_blocked, id=9616, stack(0x000000006fe00000,0x000000006ff00000)]
  0x000000006299b000 JavaThread "http-bio-9000-exec-8" daemon [_thread_blocked, id=5800, stack(0x0000000070040000,0x0000000070140000)]
  0x000000006023b800 JavaThread "taskExecutor-5" [_thread_blocked, id=4880, stack(0x000000006ed70000,0x000000006ee70000)]
  0x000000006299a800 JavaThread "http-bio-9000-exec-7" daemon [_thread_blocked, id=12148, stack(0x000000006f990000,0x000000006fa90000)]
  0x0000000062999800 JavaThread "taskExecutor-4" [_thread_blocked, id=10620, stack(0x000000006f390000,0x000000006f490000)]
  0x0000000062999000 JavaThread "http-bio-9000-exec-6" daemon [_thread_blocked, id=14308, stack(0x000000006b510000,0x000000006b610000)]
  0x0000000062998000 JavaThread "taskExecutor-3" [_thread_blocked, id=8096, stack(0x000000006f1b0000,0x000000006f2b0000)]
  0x000000006023d000 JavaThread "http-bio-9000-exec-5" daemon [_thread_blocked, id=14184, stack(0x000000006e650000,0x000000006e750000)]
  0x0000000060230800 JavaThread "taskExecutor-2" [_thread_blocked, id=11240, stack(0x000000006e4e0000,0x000000006e5e0000)]
  0x000000006023c800 JavaThread "AWT-Windows" daemon [_thread_in_native, id=3916, stack(0x000000006fad0000,0x000000006fbd0000)]
  0x000000006023b000 JavaThread "Java2D Disposer" daemon [_thread_blocked, id=12396, stack(0x000000006ec30000,0x000000006ed30000)]
  0x0000000060239800 JavaThread "http-bio-9000-exec-4" daemon [_thread_blocked, id=13108, stack(0x000000006ead0000,0x000000006ebd0000)]
  0x0000000060238800 JavaThread "taskExecutor-1" [_thread_blocked, id=13552, stack(0x000000006de10000,0x000000006df10000)]
  0x0000000060238000 JavaThread "http-bio-9000-exec-3" daemon [_thread_blocked, id=9928, stack(0x000000006dd10000,0x000000006de10000)]
  0x0000000060237000 JavaThread "http-bio-9000-exec-2" daemon [_thread_blocked, id=15380, stack(0x0000000067a40000,0x0000000067b40000)]
  0x0000000060236800 JavaThread "http-bio-9000-exec-1" daemon [_thread_in_native, id=14072, stack(0x000000005de00000,0x000000005df00000)]
  0x0000000060235800 JavaThread "http-bio-9000-AsyncTimeout" daemon [_thread_blocked, id=10216, stack(0x000000006df20000,0x000000006e020000)]
  0x0000000060235000 JavaThread "http-bio-9000-Acceptor-0" daemon [_thread_in_native, id=12272, stack(0x000000006f630000,0x000000006f730000)]
  0x0000000060234000 JavaThread "ContainerBackgroundProcessor[StandardEngine[Tomcat]]" daemon [_thread_blocked, id=15904, stack(0x000000006ee90000,0x000000006ef90000)]
  0x0000000060233800 JavaThread "scheduler-2" [_thread_blocked, id=8628, stack(0x000000005af00000,0x000000005b000000)]
  0x0000000060232800 JavaThread "scheduler-1" [_thread_blocked, id=16176, stack(0x000000006e7b0000,0x000000006e8b0000)]
  0x0000000060232000 JavaThread "Statistics Thread-__DEFAULT__-1" daemon [_thread_blocked, id=11964, stack(0x000000006b3b0000,0x000000006b4b0000)]
  0x0000000060231000 JavaThread "__DEFAULT__" daemon [_thread_blocked, id=10336, stack(0x000000005a750000,0x000000005a850000)]
  0x000000006022f800 JavaThread "Timer-0" daemon [_thread_blocked, id=14360, stack(0x0000000067650000,0x0000000067750000)]
  0x000000006488a800 JavaThread "Hikari housekeeper (pool springHikariCP)" daemon [_thread_blocked, id=10972, stack(0x000000005f180000,0x000000005f280000)]
  0x0000000065628000 JavaThread "GC Daemon" daemon [_thread_blocked, id=15232, stack(0x000000005dfc0000,0x000000005e0c0000)]
  0x0000000058d7f800 JavaThread "Service Thread" daemon [_thread_blocked, id=13616, stack(0x000000005b070000,0x000000005b170000)]
  0x0000000058d1c000 JavaThread "C1 CompilerThread3" daemon [_thread_blocked, id=1608, stack(0x000000005ab00000,0x000000005ac00000)]
  0x0000000058cf8000 JavaThread "C2 CompilerThread2" daemon [_thread_blocked, id=14228, stack(0x000000005ae00000,0x000000005af00000)]
  0x0000000058cf7000 JavaThread "C2 CompilerThread1" daemon [_thread_blocked, id=6328, stack(0x000000005ac50000,0x000000005ad50000)]
  0x0000000058ceb000 JavaThread "C2 CompilerThread0" daemon [_thread_blocked, id=13240, stack(0x000000005a9f0000,0x000000005aaf0000)]
  0x0000000058cdd000 JavaThread "JDWP Command Reader" daemon [_thread_in_native, id=5056, stack(0x000000005a870000,0x000000005a970000)]
  0x0000000058cd7800 JavaThread "JDWP Event Helper Thread" daemon [_thread_blocked, id=5760, stack(0x000000005a090000,0x000000005a190000)]
  0x0000000058cd2800 JavaThread "JDWP Transport Listener: dt_socket" daemon [_thread_blocked, id=11036, stack(0x000000005a4f0000,0x000000005a5f0000)]
  0x0000000058cc0800 JavaThread "Attach Listener" daemon [_thread_blocked, id=9296, stack(0x000000005a2c0000,0x000000005a3c0000)]
  0x0000000058cbf800 JavaThread "Signal Dispatcher" daemon [_thread_blocked, id=5952, stack(0x000000005a190000,0x000000005a290000)]
  0x0000000057d18800 JavaThread "Finalizer" daemon [_thread_blocked, id=13076, stack(0x0000000059bd0000,0x0000000059cd0000)]
  0x0000000057d11800 JavaThread "Reference Handler" daemon [_thread_blocked, id=3904, stack(0x0000000059f50000,0x000000005a050000)]
  0x000000000223f000 JavaThread "main" [_thread_blocked, id=6068, stack(0x0000000002630000,0x0000000002730000)]

Other Threads:
=>0x0000000058c62800 VMThread [stack: 0x0000000059d00000,0x0000000059e00000] [id=13292]
  0x0000000058d60800 WatcherThread [stack: 0x000000005b1c0000,0x000000005b2c0000] [id=6244]

VM state:at safepoint (normal execution)

VM Mutex/Monitor currently owned by a thread:  ([mutex/lock_event])
[0x000000000223cc70] Threads_lock - owner thread: 0x0000000058c62800

Heap:
 PSYoungGen      total 402432K, used 55601K [0x00000000d5f00000, 0x00000000f5580000, 0x0000000100000000)
  eden space 283136K, 19% used [0x00000000d5f00000,0x00000000d954c400,0x00000000e7380000)
  from space 119296K, 0% used [0x00000000e7380000,0x00000000e7380000,0x00000000ee800000)
  to   space 112128K, 0% used [0x00000000ee800000,0x00000000ee800000,0x00000000f5580000)
 ParOldGen       total 1379328K, used 685425K [0x0000000081c00000, 0x00000000d5f00000, 0x00000000d5f00000)
  object space 1379328K, 49% used [0x0000000081c00000,0x00000000ab95c7f8,0x00000000d5f00000)
 Metaspace       used 66654K, capacity 67454K, committed 68352K, reserved 1110016K
  class space    used 7906K, capacity 8102K, committed 8192K, reserved 1048576K

Card table byte_map: [0x0000000011dc0000,0x00000000121c0000] byte_map_base: 0x00000000119b2000

Marking Bits: (ParMarkBitMap*) 0x0000000064374040
 Begin Bits: [0x0000000013000000, 0x0000000014f90000)
 End Bits:   [0x0000000014f90000, 0x0000000016f20000)

Polling page: 0x0000000000320000

CodeCache: size=245760Kb used=30784Kb max_used=30794Kb free=214975Kb
 bounds [0x0000000002a00000, 0x0000000004840000, 0x0000000011a00000]
 total_blobs=8435 nmethods=7693 adapters=661
 compilation: enabled

Compilation events (10 events):
Event: 1392.928 Thread 0x0000000058d1c000 9994       1       java.util.stream.MatchOps$BooleanTerminalSink::cancellationRequested (5 bytes)
Event: 1392.929 Thread 0x0000000058d1c000 nmethod 9994 0x0000000004832490 code [0x00000000048325e0, 0x00000000048326f0]
Event: 1392.934 Thread 0x0000000058d1c000 9995       3       java.lang.Class::getInterfaces (41 bytes)
Event: 1392.935 Thread 0x0000000058d1c000 nmethod 9995 0x0000000004831d10 code [0x0000000004831ec0, 0x0000000004832318]
Event: 1392.936 Thread 0x0000000058cf8000 9996       4       java.util.Calendar::complete (40 bytes)
Event: 1392.937 Thread 0x0000000058cf8000 nmethod 9996 0x00000000048304d0 code [0x0000000004830620, 0x00000000048306f8]
Event: 1392.937 Thread 0x0000000058d1c000 9997       1       com.fasterxml.jackson.databind.type.HierarchicType::getSuperType (5 bytes)
Event: 1392.937 Thread 0x0000000058d1c000 nmethod 9997 0x0000000004830210 code [0x0000000004830360, 0x0000000004830470]
Event: 1392.938 Thread 0x0000000058d1c000 9998       3       org.apache.catalina.security.SecurityUtil::isPackageProtectionEnabled (16 bytes)
Event: 1392.938 Thread 0x0000000058d1c000 nmethod 9998 0x000000000482fed0 code [0x0000000004830020, 0x00000000048301b0]

GC Heap History (10 events):
Event: 1385.142 GC heap before
{Heap before GC invocations=2905 (full 351):
 PSYoungGen      total 411648K, used 154751K [0x00000000d5f00000, 0x00000000f6e80000, 0x0000000100000000)
  eden space 274944K, 56% used [0x00000000d5f00000,0x00000000df61ffc0,0x00000000e6b80000)
  from space 136704K, 0% used [0x00000000e6b80000,0x00000000e6b80000,0x00000000ef100000)
  to   space 128512K, 0% used [0x00000000ef100000,0x00000000ef100000,0x00000000f6e80000)
 ParOldGen       total 1379328K, used 1189216K [0x0000000081c00000, 0x00000000d5f00000, 0x00000000d5f00000)
  object space 1379328K, 86% used [0x0000000081c00000,0x00000000ca558250,0x00000000d5f00000)
 Metaspace       used 66600K, capacity 67442K, committed 68352K, reserved 1110016K
  class space    used 7901K, capacity 8098K, committed 8192K, reserved 1048576K
Event: 1385.152 GC heap after
Heap after GC invocations=2905 (full 351):
 PSYoungGen      total 393216K, used 6489K [0x00000000d5f00000, 0x00000000f5c80000, 0x0000000100000000)
  eden space 283136K, 0% used [0x00000000d5f00000,0x00000000d5f00000,0x00000000e7380000)
  from space 110080K, 5% used [0x00000000ef100000,0x00000000ef7565b8,0x00000000f5c80000)
  to   space 119296K, 0% used [0x00000000e7380000,0x00000000e7380000,0x00000000ee800000)
 ParOldGen       total 1379328K, used 1189216K [0x0000000081c00000, 0x00000000d5f00000, 0x00000000d5f00000)
  object space 1379328K, 86% used [0x0000000081c00000,0x00000000ca558250,0x00000000d5f00000)
 Metaspace       used 66600K, capacity 67442K, committed 68352K, reserved 1110016K
  class space    used 7901K, capacity 8098K, committed 8192K, reserved 1048576K
}
Event: 1385.242 GC heap before
{Heap before GC invocations=2906 (full 351):
 PSYoungGen      total 393216K, used 232089K [0x00000000d5f00000, 0x00000000f5c80000, 0x0000000100000000)
  eden space 283136K, 79% used [0x00000000d5f00000,0x00000000e3b4fff8,0x00000000e7380000)
  from space 110080K, 5% used [0x00000000ef100000,0x00000000ef7565b8,0x00000000f5c80000)
  to   space 119296K, 0% used [0x00000000e7380000,0x00000000e7380000,0x00000000ee800000)
 ParOldGen       total 1379328K, used 1189216K [0x0000000081c00000, 0x00000000d5f00000, 0x00000000d5f00000)
  object space 1379328K, 86% used [0x0000000081c00000,0x00000000ca558250,0x00000000d5f00000)
 Metaspace       used 66600K, capacity 67442K, committed 68352K, reserved 1110016K
  class space    used 7901K, capacity 8098K, committed 8192K, reserved 1048576K
Event: 1385.249 GC heap after
Heap after GC invocations=2906 (full 351):
 PSYoungGen      total 393216K, used 232089K [0x00000000d5f00000, 0x00000000f5c80000, 0x0000000100000000)
  eden space 283136K, 79% used [0x00000000d5f00000,0x00000000e3b4fff8,0x00000000e7380000)
  from space 110080K, 5% used [0x00000000ef100000,0x00000000ef7565b8,0x00000000f5c80000)
  to   space 119296K, 5% used [0x00000000e7380000,0x00000000e79de5b8,0x00000000ee800000)
 ParOldGen       total 1379328K, used 1189216K [0x0000000081c00000, 0x00000000d5f00000, 0x00000000d5f00000)
  object space 1379328K, 86% used [0x0000000081c00000,0x00000000ca558250,0x00000000d5f00000)
 Metaspace       used 66600K, capacity 67442K, committed 68352K, reserved 1110016K
  class space    used 7901K, capacity 8098K, committed 8192K, reserved 1048576K
}
Event: 1385.249 GC heap before
{Heap before GC invocations=2907 (full 352):
 PSYoungGen      total 393216K, used 232089K [0x00000000d5f00000, 0x00000000f5c80000, 0x0000000100000000)
  eden space 283136K, 79% used [0x00000000d5f00000,0x00000000e3b4fff8,0x00000000e7380000)
  from space 110080K, 5% used [0x00000000ef100000,0x00000000ef7565b8,0x00000000f5c80000)
  to   space 119296K, 5% used [0x00000000e7380000,0x00000000e79de5b8,0x00000000ee800000)
 ParOldGen       total 1379328K, used 1189216K [0x0000000081c00000, 0x00000000d5f00000, 0x00000000d5f00000)
  object space 1379328K, 86% used [0x0000000081c00000,0x00000000ca558250,0x00000000d5f00000)
 Metaspace       used 66600K, capacity 67442K, committed 68352K, reserved 1110016K
  class space    used 7901K, capacity 8098K, committed 8192K, reserved 1048576K
Event: 1385.460 GC heap after
Heap after GC invocations=2907 (full 352):
 PSYoungGen      total 393216K, used 0K [0x00000000d5f00000, 0x00000000f5c80000, 0x0000000100000000)
  eden space 283136K, 0% used [0x00000000d5f00000,0x00000000d5f00000,0x00000000e7380000)
  from space 110080K, 0% used [0x00000000ef100000,0x00000000ef100000,0x00000000f5c80000)
  to   space 119296K, 0% used [0x00000000e7380000,0x00000000e7380000,0x00000000ee800000)
 ParOldGen       total 1379328K, used 685559K [0x0000000081c00000, 0x00000000d5f00000, 0x00000000d5f00000)
  object space 1379328K, 49% used [0x0000000081c00000,0x00000000ab97dd40,0x00000000d5f00000)
 Metaspace       used 66600K, capacity 67442K, committed 68352K, reserved 1110016K
  class space    used 7901K, capacity 8098K, committed 8192K, reserved 1048576K
}
Event: 1385.460 GC heap before
{Heap before GC invocations=2908 (full 352):
 PSYoungGen      total 393216K, used 0K [0x00000000d5f00000, 0x00000000f5c80000, 0x0000000100000000)
  eden space 283136K, 0% used [0x00000000d5f00000,0x00000000d5f00000,0x00000000e7380000)
  from space 110080K, 0% used [0x00000000ef100000,0x00000000ef100000,0x00000000f5c80000)
  to   space 119296K, 0% used [0x00000000e7380000,0x00000000e7380000,0x00000000ee800000)
 ParOldGen       total 1379328K, used 685559K [0x0000000081c00000, 0x00000000d5f00000, 0x00000000d5f00000)
  object space 1379328K, 49% used [0x0000000081c00000,0x00000000ab97dd40,0x00000000d5f00000)
 Metaspace       used 66600K, capacity 67442K, committed 68352K, reserved 1110016K
  class space    used 7901K, capacity 8098K, committed 8192K, reserved 1048576K
Event: 1385.464 GC heap after
Heap after GC invocations=2908 (full 352):
 PSYoungGen      total 402432K, used 0K [0x00000000d5f00000, 0x00000000f5580000, 0x0000000100000000)
  eden space 283136K, 0% used [0x00000000d5f00000,0x00000000d5f00000,0x00000000e7380000)
  from space 119296K, 0% used [0x00000000e7380000,0x00000000e7380000,0x00000000ee800000)
  to   space 112128K, 0% used [0x00000000ee800000,0x00000000ee800000,0x00000000f5580000)
 ParOldGen       total 1379328K, used 685559K [0x0000000081c00000, 0x00000000d5f00000, 0x00000000d5f00000)
  object space 1379328K, 49% used [0x0000000081c00000,0x00000000ab97dd40,0x00000000d5f00000)
 Metaspace       used 66600K, capacity 67442K, committed 68352K, reserved 1110016K
  class space    used 7901K, capacity 8098K, committed 8192K, reserved 1048576K
}
Event: 1385.464 GC heap before
{Heap before GC invocations=2909 (full 353):
 PSYoungGen      total 402432K, used 0K [0x00000000d5f00000, 0x00000000f5580000, 0x0000000100000000)
  eden space 283136K, 0% used [0x00000000d5f00000,0x00000000d5f00000,0x00000000e7380000)
  from space 119296K, 0% used [0x00000000e7380000,0x00000000e7380000,0x00000000ee800000)
  to   space 112128K, 0% used [0x00000000ee800000,0x00000000ee800000,0x00000000f5580000)
 ParOldGen       total 1379328K, used 685559K [0x0000000081c00000, 0x00000000d5f00000, 0x00000000d5f00000)
  object space 1379328K, 49% used [0x0000000081c00000,0x00000000ab97dd40,0x00000000d5f00000)
 Metaspace       used 66600K, capacity 67442K, committed 68352K, reserved 1110016K
  class space    used 7901K, capacity 8098K, committed 8192K, reserved 1048576K
Event: 1385.727 GC heap after
Heap after GC invocations=2909 (full 353):
 PSYoungGen      total 402432K, used 0K [0x00000000d5f00000, 0x00000000f5580000, 0x0000000100000000)
  eden space 283136K, 0% used [0x00000000d5f00000,0x00000000d5f00000,0x00000000e7380000)
  from space 119296K, 0% used [0x00000000e7380000,0x00000000e7380000,0x00000000ee800000)
  to   space 112128K, 0% used [0x00000000ee800000,0x00000000ee800000,0x00000000f5580000)
 ParOldGen       total 1379328K, used 685425K [0x0000000081c00000, 0x00000000d5f00000, 0x00000000d5f00000)
  object space 1379328K, 49% used [0x0000000081c00000,0x00000000ab95c7f8,0x00000000d5f00000)
 Metaspace       used 66600K, capacity 67442K, committed 68352K, reserved 1110016K
  class space    used 7901K, capacity 8098K, committed 8192K, reserved 1048576K
}

Deoptimization events (10 events):
Event: 1392.840 Thread 0x0000000060236800 Uncommon trap: reason=unhandled action=none pc=0x0000000002c6b1bc method=java.net.URLClassLoader.findClass(Ljava/lang/String;)Ljava/lang/Class; @ 44
Event: 1392.841 Thread 0x0000000060236800 Uncommon trap: reason=unhandled action=none pc=0x0000000002c6b1bc method=java.net.URLClassLoader.findClass(Ljava/lang/String;)Ljava/lang/Class; @ 44
Event: 1392.842 Thread 0x0000000060236800 Uncommon trap: reason=unhandled action=none pc=0x0000000002c6b1bc method=java.net.URLClassLoader.findClass(Ljava/lang/String;)Ljava/lang/Class; @ 44
Event: 1392.871 Thread 0x0000000060236800 Uncommon trap: reason=class_check action=maybe_recompile pc=0x000000000459e554 method=org.hibernate.type.descriptor.java.JdbcTimestampTypeDescriptor$TimestampMutabilityPlan.deepCopyNotNull(Ljava/lang/Object;)Ljava/lang/Object; @ 2
Event: 1392.908 Thread 0x000000005c018000 Uncommon trap: reason=unstable_if action=reinterpret pc=0x00000000045e0a94 method=org.apache.commons.lang3.builder.ToStringStyle.unregister(Ljava/lang/Object;)V @ 26
Event: 1392.913 Thread 0x0000000060236800 Uncommon trap: reason=unstable_if action=reinterpret pc=0x0000000003727f8c method=java.lang.ref.SoftReference.get()Ljava/lang/Object; @ 6
Event: 1392.933 Thread 0x0000000060236800 Uncommon trap: reason=unstable_if action=reinterpret pc=0x0000000003863848 method=java.lang.ref.SoftReference.get()Ljava/lang/Object; @ 6
Event: 1392.935 Thread 0x0000000060236800 Uncommon trap: reason=unstable_if action=reinterpret pc=0x0000000004404694 method=com.nibbledebt.core.data.model.AbstractModel.hashCode()I @ 13
Event: 1392.935 Thread 0x0000000060236800 Uncommon trap: reason=unstable_if action=reinterpret pc=0x00000000045bb8e4 method=com.nibbledebt.core.data.model.AbstractModel.equals(Ljava/lang/Object;)Z @ 21
Event: 1392.936 Thread 0x000000005c01a000 Uncommon trap: reason=unstable_if action=reinterpret pc=0x0000000004503eb8 method=org.apache.commons.lang3.builder.ToStringStyle.unregister(Ljava/lang/Object;)V @ 26

Internal exceptions (10 events):
Event: 1352.784 Thread 0x0000000060236800 Exception <a 'java/lang/OutOfMemoryError'> (0x0000000081ce5d58) thrown at [D:\re\workspace\8-2-build-windows-amd64-cygwin\jdk8u40\2855\hotspot\src\share\vm\gc_interface/collectedHeap.inline.hpp, line 159]
Event: 1363.183 Thread 0x0000000060236800 Exception <a 'java/lang/OutOfMemoryError'> (0x0000000081ce5d58) thrown at [D:\re\workspace\8-2-build-windows-amd64-cygwin\jdk8u40\2855\hotspot\src\share\vm\gc_interface/collectedHeap.inline.hpp, line 159]
Event: 1375.774 Thread 0x0000000060236800 Exception <a 'java/lang/OutOfMemoryError'> (0x0000000081ce5d58) thrown at [D:\re\workspace\8-2-build-windows-amd64-cygwin\jdk8u40\2855\hotspot\src\share\vm\gc_interface/collectedHeap.inline.hpp, line 159]
Event: 1385.727 Thread 0x0000000060236800 Exception <a 'java/lang/OutOfMemoryError'> (0x0000000081ce5d58) thrown at [D:\re\workspace\8-2-build-windows-amd64-cygwin\jdk8u40\2855\hotspot\src\share\vm\gc_interface/collectedHeap.inline.hpp, line 159]
Event: 1392.407 Thread 0x0000000060236800 Implicit null exception at 0x00000000038e4b69 to 0x00000000038eb08d
Event: 1392.515 Thread 0x0000000060236800 Implicit null exception at 0x0000000002cae72f to 0x0000000002caea19
Event: 1392.515 Thread 0x0000000060236800 Implicit null exception at 0x0000000004392142 to 0x00000000043922ed
Event: 1392.913 Thread 0x0000000060236800 Implicit null exception at 0x00000000037278a9 to 0x0000000003727f65
Event: 1392.933 Thread 0x0000000060236800 Implicit null exception at 0x00000000038631d9 to 0x0000000003863829
Event: 1392.935 Thread 0x0000000060236800 Implicit null exception at 0x0000000004404660 to 0x0000000004404680

Events (10 events):
Event: 1392.935 Thread 0x0000000060236800 DEOPT PACKING pc=0x0000000004404694 sp=0x000000005defb390
Event: 1392.935 Thread 0x0000000060236800 DEOPT UNPACKING pc=0x0000000002a4582a sp=0x000000005defb320 mode 2
Event: 1392.935 Thread 0x0000000060236800 Uncommon trap: trap_request=0xffffff65 fr.pc=0x00000000045bb8e4
Event: 1392.935 Thread 0x0000000060236800 DEOPT PACKING pc=0x00000000045bb8e4 sp=0x000000005defb250
Event: 1392.935 Thread 0x0000000060236800 DEOPT UNPACKING pc=0x0000000002a4582a sp=0x000000005defb1f8 mode 2
Event: 1392.935 Thread 0x000000005c01a000 Thread added: 0x000000005c01a000
Event: 1392.936 Thread 0x000000005c01a000 Uncommon trap: trap_request=0xffffff65 fr.pc=0x0000000004503eb8
Event: 1392.936 Thread 0x000000005c01a000 DEOPT PACKING pc=0x0000000004503eb8 sp=0x0000000070dcee60
Event: 1392.936 Thread 0x000000005c01a000 DEOPT UNPACKING pc=0x0000000002a4582a sp=0x0000000070dcee58 mode 2
Event: 1413.649 Executing VM operation: RedefineClasses


Dynamic libraries:
0x000000013f0b0000 - 0x000000013f0e7000 	C:\Program Files\Java\jdk1.8.0_40\bin\javaw.exe
0x0000000076ef0000 - 0x000000007709a000 	C:\Windows\SYSTEM32\ntdll.dll
0x0000000076dd0000 - 0x0000000076eef000 	C:\Windows\system32\kernel32.dll
0x000007fefcd80000 - 0x000007fefcdea000 	C:\Windows\system32\KERNELBASE.dll
0x000007fefdb50000 - 0x000007fefdc2b000 	C:\Windows\system32\ADVAPI32.dll
0x000007fefd970000 - 0x000007fefda0f000 	C:\Windows\system32\msvcrt.dll
0x000007fefedd0000 - 0x000007fefedef000 	C:\Windows\SYSTEM32\sechost.dll
0x000007fefd1c0000 - 0x000007fefd2ed000 	C:\Windows\system32\RPCRT4.dll
0x0000000076cd0000 - 0x0000000076dca000 	C:\Windows\system32\USER32.dll
0x000007fefda10000 - 0x000007fefda77000 	C:\Windows\system32\GDI32.dll
0x000007feff130000 - 0x000007feff13e000 	C:\Windows\system32\LPK.dll
0x000007fefda80000 - 0x000007fefdb4a000 	C:\Windows\system32\USP10.dll
0x000007fefb1c0000 - 0x000007fefb3b4000 	C:\Windows\WinSxS\amd64_microsoft.windows.common-controls_6595b64144ccf1df_6.0.7601.18837_none_fa3b1e3d17594757\COMCTL32.dll
0x000007fefee90000 - 0x000007fefef01000 	C:\Windows\system32\SHLWAPI.dll
0x000007fefef10000 - 0x000007fefef3e000 	C:\Windows\system32\IMM32.DLL
0x000007feff020000 - 0x000007feff129000 	C:\Windows\system32\MSCTF.dll
0x000000006ff40000 - 0x0000000070012000 	C:\Program Files\Java\jdk1.8.0_40\jre\bin\msvcr100.dll
0x0000000063b70000 - 0x00000000643f3000 	C:\Program Files\Java\jdk1.8.0_40\jre\bin\server\jvm.dll
0x000007fef7970000 - 0x000007fef7979000 	C:\Windows\system32\WSOCK32.dll
0x000007fefed80000 - 0x000007fefedcd000 	C:\Windows\system32\WS2_32.dll
0x000007fefdc90000 - 0x000007fefdc98000 	C:\Windows\system32\NSI.dll
0x000007fefb3c0000 - 0x000007fefb3fb000 	C:\Windows\system32\WINMM.dll
0x000007fefbd00000 - 0x000007fefbd0c000 	C:\Windows\system32\VERSION.dll
0x00000000770b0000 - 0x00000000770b7000 	C:\Windows\system32\PSAPI.DLL
0x00000000717f0000 - 0x00000000717ff000 	C:\Program Files\Java\jdk1.8.0_40\jre\bin\verify.dll
0x0000000071660000 - 0x0000000071689000 	C:\Program Files\Java\jdk1.8.0_40\jre\bin\java.dll
0x0000000070780000 - 0x00000000707b5000 	C:\Program Files\Java\jdk1.8.0_40\jre\bin\jdwp.dll
0x00000000709c0000 - 0x00000000709c8000 	C:\Program Files\Java\jdk1.8.0_40\jre\bin\npt.dll
0x00000000717d0000 - 0x00000000717e6000 	C:\Program Files\Java\jdk1.8.0_40\jre\bin\zip.dll
0x000007fefdf70000 - 0x000007fefecf9000 	C:\Windows\system32\SHELL32.dll
0x000007fefd2f0000 - 0x000007fefd4f3000 	C:\Windows\system32\ole32.dll
0x000007fefcc70000 - 0x000007fefcc7f000 	C:\Windows\system32\profapi.dll
0x0000000070c70000 - 0x0000000070c79000 	C:\Program Files\Java\jdk1.8.0_40\jre\bin\dt_socket.dll
0x000007fefa370000 - 0x000007fefa385000 	C:\Windows\system32\NLAapi.dll
0x000007fef6230000 - 0x000007fef6245000 	C:\Windows\system32\napinsp.dll
0x000007fef8370000 - 0x000007fef8389000 	C:\Windows\system32\pnrpnsp.dll
0x000007fefc410000 - 0x000007fefc465000 	C:\Windows\System32\mswsock.dll
0x000007fefc290000 - 0x000007fefc2eb000 	C:\Windows\system32\DNSAPI.dll
0x000007fef6220000 - 0x000007fef622b000 	C:\Windows\System32\winrnr.dll
0x000007fef6210000 - 0x000007fef6220000 	C:\Windows\system32\wshbth.dll
0x000007fef9e40000 - 0x000007fef9e67000 	C:\Windows\system32\IPHLPAPI.DLL
0x000007fef9e20000 - 0x000007fef9e2b000 	C:\Windows\system32\WINNSI.DLL
0x000007fef9cb0000 - 0x000007fef9d03000 	C:\Windows\System32\fwpuclnt.dll
0x000007fef8260000 - 0x000007fef8268000 	C:\Windows\system32\rasadhlp.dll
0x000007fefbe20000 - 0x000007fefbe27000 	C:\Windows\System32\wshtcpip.dll
0x0000000071800000 - 0x000000007180d000 	C:\Program Files\Java\jdk1.8.0_40\jre\bin\management.dll
0x0000000070bc0000 - 0x0000000070bda000 	C:\Program Files\Java\jdk1.8.0_40\jre\bin\net.dll
0x000007fefc400000 - 0x000007fefc407000 	C:\Windows\System32\wship6.dll
0x0000000070ba0000 - 0x0000000070bb1000 	C:\Program Files\Java\jdk1.8.0_40\jre\bin\nio.dll
0x0000000070990000 - 0x00000000709b4000 	C:\Program Files\Java\jdk1.8.0_40\jre\bin\sunec.dll
0x0000000070770000 - 0x000000007077b000 	C:\Program Files\Java\jdk1.8.0_40\jre\bin\sunmscapi.dll
0x000007fefcec0000 - 0x000007fefd02d000 	C:\Windows\system32\CRYPT32.dll
0x000007fefcc80000 - 0x000007fefcc8f000 	C:\Windows\system32\MSASN1.dll
0x000007fefc7b0000 - 0x000007fefc7c8000 	C:\Windows\system32\CRYPTSP.dll
0x000007fefc160000 - 0x000007fefc1a7000 	C:\Windows\system32\rsaenh.dll
0x000007fefce60000 - 0x000007fefce7e000 	C:\Windows\system32\USERENV.dll
0x000007fefcb10000 - 0x000007fefcb1f000 	C:\Windows\system32\CRYPTBASE.dll
0x000007fef99e0000 - 0x000007fef99f8000 	C:\Windows\system32\dhcpcsvc.DLL
0x000007fef9970000 - 0x000007fef9981000 	C:\Windows\system32\dhcpcsvc6.DLL
0x00000000707d0000 - 0x00000000707d9000 	C:\Program Files\Java\jdk1.8.0_40\jre\bin\attach.dll
0x0000000070740000 - 0x0000000070763000 	C:\Program Files\Java\jdk1.8.0_40\jre\bin\instrument.dll
0x000000005dc60000 - 0x000000005ddf8000 	C:\Program Files\Java\jdk1.8.0_40\jre\bin\awt.dll
0x000007fefef40000 - 0x000007feff018000 	C:\Windows\system32\OLEAUT32.dll
0x000007fefb160000 - 0x000007fefb1b6000 	C:\Windows\system32\uxtheme.dll
0x000007fefad80000 - 0x000007fefad98000 	C:\Windows\system32\dwmapi.dll
0x0000000001d10000 - 0x0000000001d57000 	C:\Program Files\Java\jdk1.8.0_40\jre\bin\fontmanager.dll
0x0000000012470000 - 0x00000000124b1000 	C:\Program Files\Java\jdk1.8.0_40\jre\bin\t2k.dll
0x0000000070430000 - 0x000000007045a000 	C:\Program Files\Java\jdk1.8.0_40\jre\bin\dcpr.dll
0x000007fef5230000 - 0x000007fef5355000 	C:\Windows\system32\dbghelp.dll

VM Arguments:
jvm_args: -agentlib:jdwp=transport=dt_socket,suspend=y,address=localhost:63954 -Dfile.encoding=UTF-8 
java_command: com.nibbledebt.app.TomcatMain
java_class_path (initial): F:\perso\ws\repo\nibble-web\target\classes;C:\Users\m.boutaskiouine\.m2\repository\javax\xml\stream\stax-api\1.0-2\stax-api-1.0-2.jar;C:\Users\m.boutaskiouine\.m2\repository\javax\ws\rs\javax.ws.rs-api\2.0.1\javax.ws.rs-api-2.0.1.jar;C:\Users\m.boutaskiouine\.m2\repository\javax\annotation\javax.annotation-api\1.2\javax.annotation-api-1.2.jar;C:\Users\m.boutaskiouine\.m2\repository\javax\mail\javax.mail-api\1.5.3\javax.mail-api-1.5.3.jar;C:\Users\m.boutaskiouine\.m2\repository\javax\activation\activation\1.1\activation-1.1.jar;C:\Users\m.boutaskiouine\.m2\repository\org\bouncycastle\bcprov-jdk16\1.46\bcprov-jdk16-1.46.jar;C:\Users\m.boutaskiouine\.m2\repository\commons-configuration\commons-configuration\1.6\commons-configuration-1.6.jar;C:\Users\m.boutaskiouine\.m2\repository\commons-collections\commons-collections\3.2.1\commons-collections-3.2.1.jar;C:\Users\m.boutaskiouine\.m2\repository\commons-lang\commons-lang\2.4\commons-lang-2.4.jar;C:\Users\m.boutaskiouine\.m2\repository\commons-logging\commons-logging\1.1.1\commons-logging-1.1.1.jar;C:\Users\m.boutaskiouine\.m2\repository\commons-digester\commons-digester\1.8\commons-digester-1.8.jar;C:\Users\m.boutaskiouine\.m2\repository\commons-beanutils\commons-beanutils\1.8.3\commons-beanutils-1.8.3.jar;C:\Users\m.boutaskiouine\.m2\repository\commons-beanutils\commons-beanutils-core\1.8.0\commons-beanutils-core-1.8.0.jar;F:\perso\ws\repo\nibble-data\target\test-classes;F:\perso\ws\repo\nibble-data\target\classes;C:\Users\m.boutaskiouine\.m2\repository\org\hibernate\hibernate-entitymanager\4.3.8.Final\hibernate-entitymanager-4.3.8.Final.jar;C:\Users\m.boutaskiouine\.m2\repository\org\jboss\logging\jboss-logging\3.1.3.GA\jboss-logging-3.1.3.GA.jar;C:\Users\m.boutaskiouine\.m2\repository\org\jboss\logging\jboss-logging-annotations\1.2.0.Beta1\jboss-logging-annotations-1.2.0.Beta1.jar;C:\Users\m.boutaskiouine\.m2\repository\org\hibernate\hibernate-core\4.3.8.Final\hibernate-core-4.3.8.Final.ja
Launcher Type: SUN_STANDARD

Environment Variables:
JAVA_HOME=C:\Program Files\Java\jdk1.8.0_40
PATH=C:\Program Files\Java\jdk1.8.0_40\jre\bin;C:/Program Files/Java/jre7/bin/server;C:/Program Files/Java/jre7/bin;C:/Program Files/Java/jre7/lib/amd64;C:\ProgramData\Oracle\Java\javapath;C:\Program Files\Java\jdk1.6.0_37\bin;C:\Windows\system32;C:\Windows;C:\Windows\System32\Wbem;C:\Windows\System32\WindowsPowerShell\v1.0\;C:\Program Files (x86)\Intel\OpenCL SDK\3.0\bin\x86;C:\Program Files (x86)\Intel\OpenCL SDK\3.0\bin\x64;C:\Program Files (x86)\ATI Technologies\ATI.ACE\Core-Static;C:\Program Files\TortoiseSVN\bin;C:\Program Files (x86)\OpenVPN\bin;C:\apache-maven-3.0.4\bin;C:\Program Files\Microsoft SQL Server\Client SDK\ODBC\110\Tools\Binn\;C:\Program Files (x86)\Microsoft SQL Server\120\Tools\Binn\ManagementStudio\;C:\Program Files (x86)\Microsoft SQL Server\120\Tools\Binn\;C:\Program Files\Microsoft SQL Server\120\Tools\Binn\;C:\Program Files (x86)\Microsoft SQL Server\120\DTS\Binn\;C:\Program Files\Microsoft SQL Server\120\DTS\Binn\;c:\Program Files (x86)\Microsoft SQL Server\100\Tools\Binn\VSShell\Common7\IDE\;c:\Program Files (x86)\Microsoft SQL Server\100\Tools\Binn\;c:\Program Files\Microsoft SQL Server\100\Tools\Binn\;c:\Program Files (x86)\Microsoft SQL Server\100\DTS\Binn\;C:\Program Files (x86)\Git\cmd;F:\perso\sapjco3\sapjco3.jar;C:\gradle-2.7/bin;C:\Program Files\MongoDB\Server\3.0\bin;C:\Program Files\nodejs\;C:\Program Files (x86)\Skype\Phone\;C:\xampp\php;C:\ProgramData\ComposerSetup\bin;C:\Program Files (x86)\Heroku\bin;C:\Program Files\cURL\bin;C:\Users\m.boutaskiouine\bin\Sencha\Cmd\6.0.0.202;C:\Users\m.boutaskiouine\AppData\Roaming\npm;C:\Users\m.boutaskiouine\AppData\Roaming\Composer\vendor\bin;F:\espace de travail\sts-bundle\sts-3.7.0.RELEASE;
USERNAME=m.boutaskiouine
OS=Windows_NT
PROCESSOR_IDENTIFIER=Intel64 Family 6 Model 60 Stepping 3, GenuineIntel



---------------  S Y S T E M  ---------------

OS: Windows 7 , 64 bit Build 7601 (6.1.7601.23418)

CPU:total 8 (4 cores per cpu, 2 threads per core) family 6 model 60 stepping 3, cmov, cx8, fxsr, mmx, sse, sse2, sse3, ssse3, sse4.1, sse4.2, popcnt, avx, avx2, aes, clmul, erms, lzcnt, ht, tsc, tscinvbit, bmi1, bmi2

Memory: 4k page, physical 8266864k(2288016k free), swap 16531868k(8393124k free)

vm_info: Java HotSpot(TM) 64-Bit Server VM (25.40-b25) for windows-amd64 JRE (1.8.0_40-b25), built on Feb 10 2015 21:53:57 by "java_re" with MS VC++ 10.0 (VS2010)

time: Wed Jul 13 15:23:32 2016
elapsed time: 1413 seconds (0d 0h 23m 33s)

