#
# A fatal error has been detected by the Java Runtime Environment:
#
#  EXCEPTION_ACCESS_VIOLATION (0xc0000005) at pc=0x0000000065488225, pid=3232, tid=7448
#
# JRE version: Java(TM) SE Runtime Environment (8.0_40-b25) (build 1.8.0_40-b25)
# Java VM: Java HotSpot(TM) 64-Bit Server VM (25.40-b25 mixed mode windows-amd64 compressed oops)
# Problematic frame:
# V  [jvm.dll+0x128225]
#
# Failed to write core dump. Minidumps are not enabled by default on client versions of Windows
#
# If you would like to submit a bug report, please visit:
#   http://bugreport.java.com/bugreport/crash.jsp
#

---------------  T H R E A D  ---------------

Current thread (0x0000000058af3800):  JavaThread "JDWP Transport Listener: dt_socket" daemon [_thread_in_vm, id=7448, stack(0x000000005a520000,0x000000005a620000)]

siginfo: ExceptionCode=0xc0000005, reading address 0xffffffffffffffff

Registers:
RAX=0x000000005a61f001, RBX=0x0000000058af3800, RCX=0x656d617266676e69, RDX=0x0000000000000000
RSP=0x000000005a61efb0, RBP=0x656d617266676e69, RSI=0x000000005a61f0c8, RDI=0x00000000021d94c0
R8 =0x0000000058af3800, R9 =0x000000000000ff00, R10=0x0000000000000000, R11=0x676945640004000a
R12=0x0000000000000000, R13=0x0000000058aeca98, R14=0x0000000000000000, R15=0x0000000000000000
RIP=0x0000000065488225, EFLAGS=0x0000000000010206

Top of Stack: (sp=0x000000005a61efb0)
0x000000005a61efb0:   0000000058af3800 0000000058af3800
0x000000005a61efc0:   000000005a61f078 000000006568c6db
0x000000005a61efd0:   0000000058af3800 00000000656a8f3d
0x000000005a61efe0:   0000000000000000 00000000692c9155
0x000000005a61eff0:   000000005e1cb3e0 00000000692d291e
0x000000005a61f000:   0000000058af3800 0000000000000000
0x000000005a61f010:   0000000000000000 0000000000000000
0x000000005a61f020:   656d617266676e69 00000000692d1a15
0x000000005a61f030:   000000005a61f0c8 000000005a61f0a0
0x000000005a61f040:   0000000000000001 000000005e1cb3e0
0x000000005a61f050:   656d617266676e69 00000000692b53b3
0x000000005a61f060:   000000005a61f190 0000000000000001
0x000000005a61f070:   0000000000000001 000000005e1cb3e0
0x000000005a61f080:   0000000000000001 0000000000000000
0x000000005a61f090:   0000000000000000 0000000000000000
0x000000005a61f0a0:   0000000000000001 00000000692b5571 

Instructions: (pc=0x0000000065488225)
0x0000000065488205:   cc cc cc cc cc cc cc cc cc cc cc 48 83 ec 28 48
0x0000000065488215:   85 c9 75 07 33 c0 48 83 c4 28 c3 48 89 5c 24 20
0x0000000065488225:   48 8b 19 48 85 db 74 20 48 83 fb 37 74 1a 48 8b
0x0000000065488235:   13 48 8b cb ff 52 10 84 c0 74 0d 48 8b c3 48 8b 


Register to memory mapping:

RAX=0x000000005a61f001 is pointing into the stack for thread: 0x0000000058af3800
RBX=0x0000000058af3800 is a thread
RCX=0x656d617266676e69 is an unknown value
RDX=0x0000000000000000 is an unknown value
RSP=0x000000005a61efb0 is pointing into the stack for thread: 0x0000000058af3800
RBP=0x656d617266676e69 is an unknown value
RSI=0x000000005a61f0c8 is pointing into the stack for thread: 0x0000000058af3800
RDI=0x00000000021d94c0 is an unknown value
R8 =0x0000000058af3800 is a thread
R9 =0x000000000000ff00 is an unknown value
R10=0x0000000000000000 is an unknown value
R11=0x676945640004000a is an unknown value
R12=0x0000000000000000 is an unknown value
R13=0x0000000058aeca98 is an unknown value
R14=0x0000000000000000 is an unknown value
R15=0x0000000000000000 is an unknown value


Stack: [0x000000005a520000,0x000000005a620000],  sp=0x000000005a61efb0,  free space=1019k
Native frames: (J=compiled Java code, j=interpreted, Vv=VM code, C=native code)
V  [jvm.dll+0x128225]
V  [jvm.dll+0x348f3d]
C  [jdwp.dll+0x21a15]
C  [jdwp.dll+0x53b3]
C  [jdwp.dll+0x5571]
C  [jdwp.dll+0xf0a8]
C  [jdwp.dll+0x1f2d5]
C  [jdwp.dll+0x1f4aa]
V  [jvm.dll+0x1bad48]
V  [jvm.dll+0x241914]
V  [jvm.dll+0x29848a]
C  [msvcr100.dll+0x21d9f]
C  [msvcr100.dll+0x21e3b]
C  [kernel32.dll+0x159bd]
C  [ntdll.dll+0x2a2e1]


---------------  P R O C E S S  ---------------

Java Threads: ( => current thread )
  0x000000006015d000 JavaThread "taskExecutor-10" [_thread_blocked, id=3524, stack(0x000000006ddf0000,0x000000006def0000)]
  0x000000006015c800 JavaThread "taskExecutor-9" [_thread_blocked, id=5348, stack(0x000000006d9b0000,0x000000006dab0000)]
  0x000000006015a000 JavaThread "taskExecutor-8" [_thread_blocked, id=2224, stack(0x000000006d840000,0x000000006d940000)]
  0x0000000060159000 JavaThread "taskExecutor-7" [_thread_blocked, id=6708, stack(0x000000006c540000,0x000000006c640000)]
  0x0000000064455800 JavaThread "taskExecutor-6" [_thread_blocked, id=9204, stack(0x000000006ce80000,0x000000006cf80000)]
  0x0000000064456000 JavaThread "taskExecutor-5" [_thread_blocked, id=6556, stack(0x000000006cd70000,0x000000006ce70000)]
  0x0000000064454800 JavaThread "taskExecutor-4" [_thread_blocked, id=5236, stack(0x0000000066210000,0x0000000066310000)]
  0x0000000064454000 JavaThread "http-bio-9000-exec-10" daemon [_thread_blocked, id=7980, stack(0x000000006a9c0000,0x000000006aac0000)]
  0x0000000064453000 JavaThread "http-bio-9000-exec-9" daemon [_thread_blocked, id=1676, stack(0x000000006c650000,0x000000006c750000)]
  0x000000005d22d000 JavaThread "http-bio-9000-exec-8" daemon [_thread_blocked, id=8040, stack(0x000000006c440000,0x000000006c540000)]
  0x000000005d22c000 JavaThread "taskExecutor-3" [_thread_blocked, id=9000, stack(0x000000006a350000,0x000000006a450000)]
  0x000000005d22b800 JavaThread "http-bio-9000-exec-7" daemon [_thread_blocked, id=7280, stack(0x000000006e4a0000,0x000000006e5a0000)]
  0x000000005d22a800 JavaThread "http-bio-9000-exec-6" daemon [_thread_blocked, id=8668, stack(0x000000006e350000,0x000000006e450000)]
  0x000000005d220000 JavaThread "taskExecutor-2" [_thread_blocked, id=9032, stack(0x000000006d310000,0x000000006d410000)]
  0x000000005d22a000 JavaThread "http-bio-9000-exec-5" daemon [_thread_blocked, id=7656, stack(0x000000006d4d0000,0x000000006d5d0000)]
  0x000000005d229000 JavaThread "taskExecutor-1" [_thread_blocked, id=8576, stack(0x000000006d5d0000,0x000000006d6d0000)]
  0x000000005d228800 JavaThread "http-bio-9000-exec-4" daemon [_thread_blocked, id=8488, stack(0x0000000062aa0000,0x0000000062ba0000)]
  0x000000005d227800 JavaThread "http-bio-9000-exec-3" daemon [_thread_blocked, id=6432, stack(0x000000006c280000,0x000000006c380000)]
  0x000000005d227000 JavaThread "http-bio-9000-exec-2" daemon [_thread_blocked, id=8612, stack(0x000000005af40000,0x000000005b040000)]
  0x000000005d226000 JavaThread "http-bio-9000-exec-1" daemon [_thread_blocked, id=9100, stack(0x000000005db70000,0x000000005dc70000)]
  0x000000005d225800 JavaThread "http-bio-9000-AsyncTimeout" daemon [_thread_blocked, id=1944, stack(0x000000006cb20000,0x000000006cc20000)]
  0x000000005d224800 JavaThread "http-bio-9000-Acceptor-0" daemon [_thread_in_native, id=7488, stack(0x000000006c9a0000,0x000000006caa0000)]
  0x000000005d224000 JavaThread "ContainerBackgroundProcessor[StandardEngine[Tomcat]]" daemon [_thread_blocked, id=8592, stack(0x000000006c7e0000,0x000000006c8e0000)]
  0x000000005d223000 JavaThread "scheduler-2" [_thread_blocked, id=7688, stack(0x0000000069050000,0x0000000069150000)]
  0x000000005d222800 JavaThread "scheduler-1" [_thread_blocked, id=8276, stack(0x000000006a5e0000,0x000000006a6e0000)]
  0x000000005d221800 JavaThread "Statistics Thread-__DEFAULT__-1" daemon [_thread_blocked, id=7360, stack(0x0000000068600000,0x0000000068700000)]
  0x000000005d221000 JavaThread "__DEFAULT__" daemon [_thread_blocked, id=6312, stack(0x000000006a480000,0x000000006a580000)]
  0x000000005d21f800 JavaThread "Timer-0" daemon [_thread_blocked, id=5840, stack(0x0000000063dc0000,0x0000000063ec0000)]
  0x000000005c3d6800 JavaThread "Hikari housekeeper (pool springHikariCP)" daemon [_thread_blocked, id=9040, stack(0x0000000062900000,0x0000000062a00000)]
  0x00000000614e2000 JavaThread "GC Daemon" daemon [_thread_blocked, id=5956, stack(0x0000000063f80000,0x0000000064080000)]
  0x0000000058ba0000 JavaThread "Service Thread" daemon [_thread_blocked, id=7276, stack(0x000000005add0000,0x000000005aed0000)]
  0x0000000058b22800 JavaThread "C1 CompilerThread3" daemon [_thread_blocked, id=8880, stack(0x000000005a810000,0x000000005a910000)]
  0x0000000058b17000 JavaThread "C2 CompilerThread2" daemon [_thread_blocked, id=2184, stack(0x000000005aca0000,0x000000005ada0000)]
  0x0000000058b16800 JavaThread "C2 CompilerThread1" daemon [_thread_blocked, id=9068, stack(0x000000005ab60000,0x000000005ac60000)]
  0x0000000058b0a800 JavaThread "C2 CompilerThread0" daemon [_thread_blocked, id=7856, stack(0x000000005a950000,0x000000005aa50000)]
  0x0000000058aff800 JavaThread "JDWP Command Reader" daemon [_thread_in_native, id=5036, stack(0x000000005a710000,0x000000005a810000)]
  0x0000000058af8800 JavaThread "JDWP Event Helper Thread" daemon [_thread_blocked, id=8800, stack(0x000000005a370000,0x000000005a470000)]
=>0x0000000058af3800 JavaThread "JDWP Transport Listener: dt_socket" daemon [_thread_in_vm, id=7448, stack(0x000000005a520000,0x000000005a620000)]
  0x0000000058ae1000 JavaThread "Attach Listener" daemon [_thread_blocked, id=7964, stack(0x0000000059f50000,0x000000005a050000)]
  0x0000000058ae0000 JavaThread "Signal Dispatcher" daemon [_thread_blocked, id=6788, stack(0x0000000059e30000,0x0000000059f30000)]
  0x0000000057a27000 JavaThread "Finalizer" daemon [_thread_blocked, id=8036, stack(0x00000000599d0000,0x0000000059ad0000)]
  0x0000000057a20000 JavaThread "Reference Handler" daemon [_thread_blocked, id=4312, stack(0x0000000059d00000,0x0000000059e00000)]
  0x00000000021df000 JavaThread "main" [_thread_blocked, id=6392, stack(0x00000000025c0000,0x00000000026c0000)]

Other Threads:
  0x0000000058a83000 VMThread [stack: 0x0000000059b20000,0x0000000059c20000] [id=7528]
  0x0000000058b76800 WatcherThread [stack: 0x000000005b040000,0x000000005b140000] [id=8556]

VM state:not at safepoint (normal execution)

VM Mutex/Monitor currently owned by a thread: None

Heap:
 PSYoungGen      total 248832K, used 17322K [0x00000000d5f00000, 0x00000000ff200000, 0x0000000100000000)
  eden space 244736K, 5% used [0x00000000d5f00000,0x00000000d6c310f0,0x00000000e4e00000)
  from space 4096K, 93% used [0x00000000e4e00000,0x00000000e51b9900,0x00000000e5200000)
  to   space 215040K, 0% used [0x00000000f2000000,0x00000000f2000000,0x00000000ff200000)
 ParOldGen       total 1379328K, used 570360K [0x0000000081c00000, 0x00000000d5f00000, 0x00000000d5f00000)
  object space 1379328K, 41% used [0x0000000081c00000,0x00000000a48fe3b0,0x00000000d5f00000)
 Metaspace       used 61664K, capacity 62426K, committed 63448K, reserved 1105920K
  class space    used 7280K, capacity 7472K, committed 7640K, reserved 1048576K

Card table byte_map: [0x0000000011d50000,0x0000000012150000] byte_map_base: 0x0000000011942000

Marking Bits: (ParMarkBitMap*) 0x0000000065b64040
 Begin Bits: [0x0000000012d10000, 0x0000000014ca0000)
 End Bits:   [0x0000000014ca0000, 0x0000000016c30000)

Polling page: 0x0000000000230000

CodeCache: size=245760Kb used=31365Kb max_used=32177Kb free=214394Kb
 bounds [0x0000000002990000, 0x0000000004960000, 0x0000000011990000]
 total_blobs=8748 nmethods=8184 adapters=483
 compilation: enabled

Compilation events (10 events):
Event: 3493.348 Thread 0x0000000058b22800 10429       3       org.hibernate.engine.spi.ExecutableList::<init> (6 bytes)
Event: 3493.350 Thread 0x0000000058b22800 nmethod 10429 0x0000000004673090 code [0x0000000004673200, 0x0000000004673408]
Event: 3493.351 Thread 0x0000000058b22800 10430       3       org.hibernate.engine.spi.ExecutableList::<init> (7 bytes)
Event: 3493.352 Thread 0x0000000058b22800 nmethod 10430 0x0000000003272210 code [0x0000000003272380, 0x0000000003272528]
Event: 3493.564 Thread 0x0000000058b22800 10431       3       org.hibernate.loader.DefaultEntityAliases::determineKeyAlias (62 bytes)
Event: 3493.565 Thread 0x0000000058b22800 nmethod 10431 0x0000000003bd0550 code [0x0000000003bd07a0, 0x0000000003bd1598]
Event: 3494.254 Thread 0x0000000058b22800 10432       3       com.nibbledebt.core.data.model.AbstractModel::hashCode (31 bytes)
Event: 3494.255 Thread 0x0000000058b22800 nmethod 10432 0x0000000002aca190 code [0x0000000002aca300, 0x0000000002aca5f0]
Event: 3640.406 Thread 0x0000000058b22800 10433       3       java.util.concurrent.TimeUnit$3::toNanos (11 bytes)
Event: 3640.407 Thread 0x0000000058b22800 nmethod 10433 0x0000000003616310 code [0x0000000003616480, 0x00000000036166f0]

GC Heap History (10 events):
Event: 2358.745 GC heap before
{Heap before GC invocations=424 (full 41):
 PSYoungGen      total 468992K, used 293114K [0x00000000d5f00000, 0x0000000100000000, 0x0000000100000000)
  eden space 269312K, 63% used [0x00000000d5f00000,0x00000000e0526570,0x00000000e6600000)
  from space 199680K, 61% used [0x00000000f3680000,0x00000000fae98538,0x00000000ff980000)
  to   space 209920K, 0% used [0x00000000e6600000,0x00000000e6600000,0x00000000f3300000)
 ParOldGen       total 1379328K, used 1072318K [0x0000000081c00000, 0x00000000d5f00000, 0x00000000d5f00000)
  object space 1379328K, 77% used [0x0000000081c00000,0x00000000c332fae8,0x00000000d5f00000)
 Metaspace       used 61125K, capacity 61828K, committed 62808K, reserved 1103872K
  class space    used 7257K, capacity 7431K, committed 7512K, reserved 1048576K
Event: 2358.810 GC heap after
Heap after GC invocations=424 (full 41):
 PSYoungGen      total 409600K, used 140144K [0x00000000d5f00000, 0x0000000100000000, 0x0000000100000000)
  eden space 269312K, 0% used [0x00000000d5f00000,0x00000000d5f00000,0x00000000e6600000)
  from space 140288K, 99% used [0x00000000e6600000,0x00000000eeedc030,0x00000000eef00000)
  to   space 223744K, 0% used [0x00000000f2580000,0x00000000f2580000,0x0000000100000000)
 ParOldGen       total 1379328K, used 1243659K [0x0000000081c00000, 0x00000000d5f00000, 0x00000000d5f00000)
  object space 1379328K, 90% used [0x0000000081c00000,0x00000000cda82d48,0x00000000d5f00000)
 Metaspace       used 61125K, capacity 61828K, committed 62808K, reserved 1103872K
  class space    used 7257K, capacity 7431K, committed 7512K, reserved 1048576K
}
Event: 2358.810 GC heap before
{Heap before GC invocations=425 (full 42):
 PSYoungGen      total 409600K, used 140144K [0x00000000d5f00000, 0x0000000100000000, 0x0000000100000000)
  eden space 269312K, 0% used [0x00000000d5f00000,0x00000000d5f00000,0x00000000e6600000)
  from space 140288K, 99% used [0x00000000e6600000,0x00000000eeedc030,0x00000000eef00000)
  to   space 223744K, 0% used [0x00000000f2580000,0x00000000f2580000,0x0000000100000000)
 ParOldGen       total 1379328K, used 1243659K [0x0000000081c00000, 0x00000000d5f00000, 0x00000000d5f00000)
  object space 1379328K, 90% used [0x0000000081c00000,0x00000000cda82d48,0x00000000d5f00000)
 Metaspace       used 61125K, capacity 61828K, committed 62808K, reserved 1103872K
  class space    used 7257K, capacity 7431K, committed 7512K, reserved 1048576K
Event: 2358.925 GC heap after
Heap after GC invocations=425 (full 42):
 PSYoungGen      total 409600K, used 0K [0x00000000d5f00000, 0x0000000100000000, 0x0000000100000000)
  eden space 269312K, 0% used [0x00000000d5f00000,0x00000000d5f00000,0x00000000e6600000)
  from space 140288K, 0% used [0x00000000e6600000,0x00000000e6600000,0x00000000eef00000)
  to   space 223744K, 0% used [0x00000000f2580000,0x00000000f2580000,0x0000000100000000)
 ParOldGen       total 1379328K, used 570504K [0x0000000081c00000, 0x00000000d5f00000, 0x00000000d5f00000)
  object space 1379328K, 41% used [0x0000000081c00000,0x00000000a4922350,0x00000000d5f00000)
 Metaspace       used 61125K, capacity 61828K, committed 62808K, reserved 1103872K
  class space    used 7257K, capacity 7431K, committed 7512K, reserved 1048576K
}
Event: 2358.925 GC heap before
{Heap before GC invocations=426 (full 42):
 PSYoungGen      total 409600K, used 0K [0x00000000d5f00000, 0x0000000100000000, 0x0000000100000000)
  eden space 269312K, 0% used [0x00000000d5f00000,0x00000000d5f00000,0x00000000e6600000)
  from space 140288K, 0% used [0x00000000e6600000,0x00000000e6600000,0x00000000eef00000)
  to   space 223744K, 0% used [0x00000000f2580000,0x00000000f2580000,0x0000000100000000)
 ParOldGen       total 1379328K, used 570504K [0x0000000081c00000, 0x00000000d5f00000, 0x00000000d5f00000)
  object space 1379328K, 41% used [0x0000000081c00000,0x00000000a4922350,0x00000000d5f00000)
 Metaspace       used 61125K, capacity 61828K, committed 62808K, reserved 1103872K
  class space    used 7257K, capacity 7431K, committed 7512K, reserved 1048576K
Event: 2358.928 GC heap after
Heap after GC invocations=426 (full 42):
 PSYoungGen      total 468480K, used 0K [0x00000000d5f00000, 0x0000000100000000, 0x0000000100000000)
  eden space 244736K, 0% used [0x00000000d5f00000,0x00000000d5f00000,0x00000000e4e00000)
  from space 223744K, 0% used [0x00000000f2580000,0x00000000f2580000,0x0000000100000000)
  to   space 220672K, 0% used [0x00000000e4e00000,0x00000000e4e00000,0x00000000f2580000)
 ParOldGen       total 1379328K, used 570504K [0x0000000081c00000, 0x00000000d5f00000, 0x00000000d5f00000)
  object space 1379328K, 41% used [0x0000000081c00000,0x00000000a4922350,0x00000000d5f00000)
 Metaspace       used 61125K, capacity 61828K, committed 62808K, reserved 1103872K
  class space    used 7257K, capacity 7431K, committed 7512K, reserved 1048576K
}
Event: 2358.928 GC heap before
{Heap before GC invocations=427 (full 43):
 PSYoungGen      total 468480K, used 0K [0x00000000d5f00000, 0x0000000100000000, 0x0000000100000000)
  eden space 244736K, 0% used [0x00000000d5f00000,0x00000000d5f00000,0x00000000e4e00000)
  from space 223744K, 0% used [0x00000000f2580000,0x00000000f2580000,0x0000000100000000)
  to   space 220672K, 0% used [0x00000000e4e00000,0x00000000e4e00000,0x00000000f2580000)
 ParOldGen       total 1379328K, used 570504K [0x0000000081c00000, 0x00000000d5f00000, 0x00000000d5f00000)
  object space 1379328K, 41% used [0x0000000081c00000,0x00000000a4922350,0x00000000d5f00000)
 Metaspace       used 61125K, capacity 61828K, committed 62808K, reserved 1103872K
  class space    used 7257K, capacity 7431K, committed 7512K, reserved 1048576K
Event: 2359.147 GC heap after
Heap after GC invocations=427 (full 43):
 PSYoungGen      total 468480K, used 0K [0x00000000d5f00000, 0x0000000100000000, 0x0000000100000000)
  eden space 244736K, 0% used [0x00000000d5f00000,0x00000000d5f00000,0x00000000e4e00000)
  from space 223744K, 0% used [0x00000000f2580000,0x00000000f2580000,0x0000000100000000)
  to   space 220672K, 0% used [0x00000000e4e00000,0x00000000e4e00000,0x00000000f2580000)
 ParOldGen       total 1379328K, used 570352K [0x0000000081c00000, 0x00000000d5f00000, 0x00000000d5f00000)
  object space 1379328K, 41% used [0x0000000081c00000,0x00000000a48fc3b0,0x00000000d5f00000)
 Metaspace       used 61125K, capacity 61828K, committed 62808K, reserved 1103872K
  class space    used 7257K, capacity 7431K, committed 7512K, reserved 1048576K
}
Event: 3160.647 GC heap before
{Heap before GC invocations=428 (full 43):
 PSYoungGen      total 468480K, used 244736K [0x00000000d5f00000, 0x0000000100000000, 0x0000000100000000)
  eden space 244736K, 100% used [0x00000000d5f00000,0x00000000e4e00000,0x00000000e4e00000)
  from space 223744K, 0% used [0x00000000f2580000,0x00000000f2580000,0x0000000100000000)
  to   space 220672K, 0% used [0x00000000e4e00000,0x00000000e4e00000,0x00000000f2580000)
 ParOldGen       total 1379328K, used 570352K [0x0000000081c00000, 0x00000000d5f00000, 0x00000000d5f00000)
  object space 1379328K, 41% used [0x0000000081c00000,0x00000000a48fc3b0,0x00000000d5f00000)
 Metaspace       used 61597K, capacity 62362K, committed 63192K, reserved 1105920K
  class space    used 7279K, capacity 7472K, committed 7640K, reserved 1048576K
Event: 3160.654 GC heap after
Heap after GC invocations=428 (full 43):
 PSYoungGen      total 248832K, used 3814K [0x00000000d5f00000, 0x00000000ff200000, 0x0000000100000000)
  eden space 244736K, 0% used [0x00000000d5f00000,0x00000000d5f00000,0x00000000e4e00000)
  from space 4096K, 93% used [0x00000000e4e00000,0x00000000e51b9900,0x00000000e5200000)
  to   space 215040K, 0% used [0x00000000f2000000,0x00000000f2000000,0x00000000ff200000)
 ParOldGen       total 1379328K, used 570360K [0x0000000081c00000, 0x00000000d5f00000, 0x00000000d5f00000)
  object space 1379328K, 41% used [0x0000000081c00000,0x00000000a48fe3b0,0x00000000d5f00000)
 Metaspace       used 61597K, capacity 62362K, committed 63192K, reserved 1105920K
  class space    used 7279K, capacity 7472K, committed 7640K, reserved 1048576K
}

Deoptimization events (10 events):
Event: 2848.274 Thread 0x000000005d226000 Uncommon trap: reason=unhandled action=none pc=0x0000000002cf597c method=java.net.URLClassLoader.findClass(Ljava/lang/String;)Ljava/lang/Class; @ 44
Event: 2848.275 Thread 0x000000005d226000 Uncommon trap: reason=unhandled action=none pc=0x0000000002cf597c method=java.net.URLClassLoader.findClass(Ljava/lang/String;)Ljava/lang/Class; @ 44
Event: 2848.275 Thread 0x000000005d226000 Uncommon trap: reason=unhandled action=none pc=0x0000000002cf597c method=java.net.URLClassLoader.findClass(Ljava/lang/String;)Ljava/lang/Class; @ 44
Event: 2848.276 Thread 0x000000005d226000 Uncommon trap: reason=unhandled action=none pc=0x0000000002cf597c method=java.net.URLClassLoader.findClass(Ljava/lang/String;)Ljava/lang/Class; @ 44
Event: 2848.276 Thread 0x000000005d226000 Uncommon trap: reason=unhandled action=none pc=0x0000000002cf597c method=java.net.URLClassLoader.findClass(Ljava/lang/String;)Ljava/lang/Class; @ 44
Event: 2848.277 Thread 0x000000005d226000 Uncommon trap: reason=unhandled action=none pc=0x0000000002cf597c method=java.net.URLClassLoader.findClass(Ljava/lang/String;)Ljava/lang/Class; @ 44
Event: 2848.277 Thread 0x000000005d226000 Uncommon trap: reason=unhandled action=none pc=0x0000000002cf597c method=java.net.URLClassLoader.findClass(Ljava/lang/String;)Ljava/lang/Class; @ 44
Event: 2848.278 Thread 0x000000005d226000 Uncommon trap: reason=unstable_if action=reinterpret pc=0x00000000044a85a0 method=com.fasterxml.jackson.core.io.SerializedString.appendQuotedUTF8([BI)I @ 6
Event: 2869.855 Thread 0x0000000064456000 Uncommon trap: reason=unstable_if action=reinterpret pc=0x00000000032f047c method=java.lang.Class.reflectionData()Ljava/lang/Class$ReflectionData; @ 37
Event: 3494.254 Thread 0x0000000060159000 Uncommon trap: reason=unstable_if action=reinterpret pc=0x0000000002d15a30 method=java.lang.Class.reflectionData()Ljava/lang/Class$ReflectionData; @ 37

Internal exceptions (10 events):
Event: 2659.457 Thread 0x000000005d22a800 Exception <a 'java/net/SocketTimeoutException': Read timed out> (0x00000000dd5530b0) thrown at [D:\re\workspace\8-2-build-windows-amd64-cygwin\jdk8u40\2855\hotspot\src\share\vm\prims\jni.cpp, line 735]
Event: 2659.826 Thread 0x000000005d22d000 Exception <a 'java/net/SocketTimeoutException': Read timed out> (0x00000000d67ed280) thrown at [D:\re\workspace\8-2-build-windows-amd64-cygwin\jdk8u40\2855\hotspot\src\share\vm\prims\jni.cpp, line 735]
Event: 2707.750 Thread 0x000000005d227000 Exception <a 'java/lang/reflect/InvocationTargetException'> (0x00000000df0502f8) thrown at [D:\re\workspace\8-2-build-windows-amd64-cygwin\jdk8u40\2855\hotspot\src\share\vm\runtime\reflection.cpp, line 1080]
Event: 2768.143 Thread 0x000000005d227000 Exception <a 'java/lang/reflect/InvocationTargetException'> (0x00000000df0c16d0) thrown at [D:\re\workspace\8-2-build-windows-amd64-cygwin\jdk8u40\2855\hotspot\src\share\vm\runtime\reflection.cpp, line 1080]
Event: 2843.429 Thread 0x000000005d226000 Exception <a 'java/lang/reflect/InvocationTargetException'> (0x00000000d6e1d9d0) thrown at [D:\re\workspace\8-2-build-windows-amd64-cygwin\jdk8u40\2855\hotspot\src\share\vm\runtime\reflection.cpp, line 1080]
Event: 2848.266 Thread 0x000000005d226000 Exception <a 'java/lang/reflect/InvocationTargetException'> (0x00000000d6e211e8) thrown at [D:\re\workspace\8-2-build-windows-amd64-cygwin\jdk8u40\2855\hotspot\src\share\vm\runtime\reflection.cpp, line 1080]
Event: 2848.269 Thread 0x000000005d226000 Implicit null exception at 0x000000000430dd08 to 0x0000000004310985
Event: 2848.278 Thread 0x000000005d226000 Implicit null exception at 0x00000000044a6d3f to 0x00000000044a855d
Event: 2940.978 Thread 0x000000005d226000 Exception <a 'java/net/SocketTimeoutException': Read timed out> (0x00000000df7a2808) thrown at [D:\re\workspace\8-2-build-windows-amd64-cygwin\jdk8u40\2855\hotspot\src\share\vm\prims\jni.cpp, line 735]
Event: 3554.258 Thread 0x000000005d22b800 Exception <a 'java/net/SocketTimeoutException': Read timed out> (0x00000000d6be1b08) thrown at [D:\re\workspace\8-2-build-windows-amd64-cygwin\jdk8u40\2855\hotspot\src\share\vm\prims\jni.cpp, line 735]

Events (10 events):
Event: 3554.258 Thread 0x000000005d22b800 DEOPT PACKING pc=0x00000000030781a0 sp=0x000000006e59ee50
Event: 3554.258 Thread 0x000000005d22b800 DEOPT UNPACKING pc=0x00000000029d787f sp=0x000000006e59ea98 mode 1
Event: 3554.259 Thread 0x000000005d22b800 DEOPT PACKING pc=0x00000000044f6184 sp=0x000000006e59eef0
Event: 3554.259 Thread 0x000000005d22b800 DEOPT UNPACKING pc=0x00000000029d787f sp=0x000000006e59ec28 mode 1
Event: 3554.259 Thread 0x000000005d22b800 DEOPT PACKING pc=0x00000000044cfc64 sp=0x000000006e59ef50
Event: 3554.259 Thread 0x000000005d22b800 DEOPT UNPACKING pc=0x00000000029d787f sp=0x000000006e59ec70 mode 1
Event: 3640.407 Thread 0x0000000058b22800 flushing nmethod 0x00000000037f5310
Event: 3640.407 Thread 0x0000000058b22800 flushing nmethod 0x0000000003816090
Event: 3649.267 Executing VM operation: RedefineClasses
Event: 3649.324 Executing VM operation: RedefineClasses done


Dynamic libraries:
0x000000013f270000 - 0x000000013f2a7000 	C:\Program Files\Java\jdk1.8.0_40\bin\javaw.exe
0x0000000076e70000 - 0x000000007701a000 	C:\Windows\SYSTEM32\ntdll.dll
0x0000000076c50000 - 0x0000000076d6f000 	C:\Windows\system32\kernel32.dll
0x000007fefcc10000 - 0x000007fefcc7a000 	C:\Windows\system32\KERNELBASE.dll
0x000007fefe370000 - 0x000007fefe44b000 	C:\Windows\system32\ADVAPI32.dll
0x000007fefe450000 - 0x000007fefe4ef000 	C:\Windows\system32\msvcrt.dll
0x000007fefd080000 - 0x000007fefd09f000 	C:\Windows\SYSTEM32\sechost.dll
0x000007feff050000 - 0x000007feff17d000 	C:\Windows\system32\RPCRT4.dll
0x0000000076d70000 - 0x0000000076e6a000 	C:\Windows\system32\USER32.dll
0x000007fefedc0000 - 0x000007fefee27000 	C:\Windows\system32\GDI32.dll
0x000007fefee30000 - 0x000007fefee3e000 	C:\Windows\system32\LPK.dll
0x000007fefd2f0000 - 0x000007fefd3ba000 	C:\Windows\system32\USP10.dll
0x000007fefb1f0000 - 0x000007fefb3e4000 	C:\Windows\WinSxS\amd64_microsoft.windows.common-controls_6595b64144ccf1df_6.0.7601.18837_none_fa3b1e3d17594757\COMCTL32.dll
0x000007fefd270000 - 0x000007fefd2e1000 	C:\Windows\system32\SHLWAPI.dll
0x000007fefe2e0000 - 0x000007fefe30e000 	C:\Windows\system32\IMM32.DLL
0x000007fefd0a0000 - 0x000007fefd1a9000 	C:\Windows\system32\MSCTF.dll
0x0000000068d30000 - 0x0000000068e02000 	C:\Program Files\Java\jdk1.8.0_40\jre\bin\msvcr100.dll
0x0000000065360000 - 0x0000000065be3000 	C:\Program Files\Java\jdk1.8.0_40\jre\bin\server\jvm.dll
0x000007fef78b0000 - 0x000007fef78b9000 	C:\Windows\system32\WSOCK32.dll
0x000007fefd030000 - 0x000007fefd07d000 	C:\Windows\system32\WS2_32.dll
0x000007fefedb0000 - 0x000007fefedb8000 	C:\Windows\system32\NSI.dll
0x000007fefa750000 - 0x000007fefa78b000 	C:\Windows\system32\WINMM.dll
0x000007fefbc80000 - 0x000007fefbc8c000 	C:\Windows\system32\VERSION.dll
0x0000000077030000 - 0x0000000077037000 	C:\Windows\system32\PSAPI.DLL
0x000000006afe0000 - 0x000000006afef000 	C:\Program Files\Java\jdk1.8.0_40\jre\bin\verify.dll
0x000000006a760000 - 0x000000006a789000 	C:\Program Files\Java\jdk1.8.0_40\jre\bin\java.dll
0x00000000692b0000 - 0x00000000692e5000 	C:\Program Files\Java\jdk1.8.0_40\jre\bin\jdwp.dll
0x000000006aff0000 - 0x000000006aff8000 	C:\Program Files\Java\jdk1.8.0_40\jre\bin\npt.dll
0x000000006a7a0000 - 0x000000006a7b6000 	C:\Program Files\Java\jdk1.8.0_40\jre\bin\zip.dll
0x000007fefd3c0000 - 0x000007fefe149000 	C:\Windows\system32\SHELL32.dll
0x000007fefee40000 - 0x000007feff043000 	C:\Windows\system32\ole32.dll
0x000007fefcbf0000 - 0x000007fefcbff000 	C:\Windows\system32\profapi.dll
0x000000006a790000 - 0x000000006a799000 	C:\Program Files\Java\jdk1.8.0_40\jre\bin\dt_socket.dll
0x000007fefa180000 - 0x000007fefa195000 	C:\Windows\system32\NLAapi.dll
0x000007fef7870000 - 0x000007fef7885000 	C:\Windows\system32\napinsp.dll
0x000007fef82b0000 - 0x000007fef82c9000 	C:\Windows\system32\pnrpnsp.dll
0x000007fefc3d0000 - 0x000007fefc425000 	C:\Windows\System32\mswsock.dll
0x000007fefc250000 - 0x000007fefc2ab000 	C:\Windows\system32\DNSAPI.dll
0x000007fef78a0000 - 0x000007fef78ab000 	C:\Windows\System32\winrnr.dll
0x000007fef7890000 - 0x000007fef78a0000 	C:\Windows\system32\wshbth.dll
0x000007fef9dd0000 - 0x000007fef9df7000 	C:\Windows\system32\IPHLPAPI.DLL
0x000007fef9dc0000 - 0x000007fef9dcb000 	C:\Windows\system32\WINNSI.DLL
0x000007fef9c70000 - 0x000007fef9cc3000 	C:\Windows\System32\fwpuclnt.dll
0x000007fef81b0000 - 0x000007fef81b8000 	C:\Windows\system32\rasadhlp.dll
0x000007fefbda0000 - 0x000007fefbda7000 	C:\Windows\System32\wshtcpip.dll
0x000000006a750000 - 0x000000006a75d000 	C:\Program Files\Java\jdk1.8.0_40\jre\bin\management.dll
0x0000000069290000 - 0x00000000692aa000 	C:\Program Files\Java\jdk1.8.0_40\jre\bin\net.dll
0x000007fefc3c0000 - 0x000007fefc3c7000 	C:\Windows\System32\wship6.dll
0x0000000069270000 - 0x0000000069281000 	C:\Program Files\Java\jdk1.8.0_40\jre\bin\nio.dll
0x0000000069240000 - 0x0000000069264000 	C:\Program Files\Java\jdk1.8.0_40\jre\bin\sunec.dll
0x0000000069230000 - 0x000000006923b000 	C:\Program Files\Java\jdk1.8.0_40\jre\bin\sunmscapi.dll
0x000007fefce20000 - 0x000007fefcf8d000 	C:\Windows\system32\CRYPT32.dll
0x000007fefcc00000 - 0x000007fefcc0f000 	C:\Windows\system32\MSASN1.dll
0x000007fefc430000 - 0x000007fefc448000 	C:\Windows\system32\CRYPTSP.dll
0x000007fefc0f0000 - 0x000007fefc137000 	C:\Windows\system32\rsaenh.dll
0x000007fefcd00000 - 0x000007fefcd1e000 	C:\Windows\system32\USERENV.dll
0x000007fefca90000 - 0x000007fefca9f000 	C:\Windows\system32\CRYPTBASE.dll
0x000007fef9c40000 - 0x000007fef9c58000 	C:\Windows\system32\dhcpcsvc.DLL
0x000007fef9c20000 - 0x000007fef9c31000 	C:\Windows\system32\dhcpcsvc6.DLL
0x0000000069220000 - 0x0000000069229000 	C:\Program Files\Java\jdk1.8.0_40\jre\bin\attach.dll
0x00000000691f0000 - 0x0000000069213000 	C:\Program Files\Java\jdk1.8.0_40\jre\bin\instrument.dll
0x000007fef5440000 - 0x000007fef5565000 	C:\Windows\system32\dbghelp.dll

VM Arguments:
jvm_args: -agentlib:jdwp=transport=dt_socket,suspend=y,address=localhost:52626 -Dfile.encoding=UTF-8 
java_command: com.nibbledebt.app.TomcatMain
java_class_path (initial): F:\perso\ws\repo\nibble-web\target\classes;C:\Users\m.boutaskiouine\.m2\repository\javax\xml\stream\stax-api\1.0-2\stax-api-1.0-2.jar;C:\Users\m.boutaskiouine\.m2\repository\javax\ws\rs\javax.ws.rs-api\2.0.1\javax.ws.rs-api-2.0.1.jar;C:\Users\m.boutaskiouine\.m2\repository\javax\annotation\javax.annotation-api\1.2\javax.annotation-api-1.2.jar;C:\Users\m.boutaskiouine\.m2\repository\javax\mail\javax.mail-api\1.5.3\javax.mail-api-1.5.3.jar;C:\Users\m.boutaskiouine\.m2\repository\javax\activation\activation\1.1\activation-1.1.jar;C:\Users\m.boutaskiouine\.m2\repository\org\bouncycastle\bcprov-jdk16\1.46\bcprov-jdk16-1.46.jar;C:\Users\m.boutaskiouine\.m2\repository\commons-configuration\commons-configuration\1.6\commons-configuration-1.6.jar;C:\Users\m.boutaskiouine\.m2\repository\commons-collections\commons-collections\3.2.1\commons-collections-3.2.1.jar;C:\Users\m.boutaskiouine\.m2\repository\commons-lang\commons-lang\2.4\commons-lang-2.4.jar;C:\Users\m.boutaskiouine\.m2\repository\commons-logging\commons-logging\1.1.1\commons-logging-1.1.1.jar;C:\Users\m.boutaskiouine\.m2\repository\commons-digester\commons-digester\1.8\commons-digester-1.8.jar;C:\Users\m.boutaskiouine\.m2\repository\commons-beanutils\commons-beanutils\1.8.3\commons-beanutils-1.8.3.jar;C:\Users\m.boutaskiouine\.m2\repository\commons-beanutils\commons-beanutils-core\1.8.0\commons-beanutils-core-1.8.0.jar;F:\perso\ws\repo\nibble-data\target\test-classes;F:\perso\ws\repo\nibble-data\target\classes;C:\Users\m.boutaskiouine\.m2\repository\org\hibernate\hibernate-entitymanager\4.3.8.Final\hibernate-entitymanager-4.3.8.Final.jar;C:\Users\m.boutaskiouine\.m2\repository\org\jboss\logging\jboss-logging\3.1.3.GA\jboss-logging-3.1.3.GA.jar;C:\Users\m.boutaskiouine\.m2\repository\org\jboss\logging\jboss-logging-annotations\1.2.0.Beta1\jboss-logging-annotations-1.2.0.Beta1.jar;C:\Users\m.boutaskiouine\.m2\repository\org\hibernate\hibernate-core\4.3.8.Final\hibernate-core-4.3.8.Final.ja
Launcher Type: SUN_STANDARD

Environment Variables:
JAVA_HOME=C:\Program Files\Java\jdk1.8.0_40
PATH=C:\Program Files\Java\jdk1.8.0_40\jre\bin;C:/Program Files/Java/jre7/bin/server;C:/Program Files/Java/jre7/bin;C:/Program Files/Java/jre7/lib/amd64;C:\ProgramData\Oracle\Java\javapath;C:\Program Files\Java\jdk1.6.0_37\bin;C:\Windows\system32;C:\Windows;C:\Windows\System32\Wbem;C:\Windows\System32\WindowsPowerShell\v1.0\;C:\Program Files (x86)\Intel\OpenCL SDK\3.0\bin\x86;C:\Program Files (x86)\Intel\OpenCL SDK\3.0\bin\x64;C:\Program Files (x86)\ATI Technologies\ATI.ACE\Core-Static;C:\Program Files\TortoiseSVN\bin;C:\Program Files (x86)\OpenVPN\bin;C:\apache-maven-3.0.4\bin;C:\Program Files\Microsoft SQL Server\Client SDK\ODBC\110\Tools\Binn\;C:\Program Files (x86)\Microsoft SQL Server\120\Tools\Binn\ManagementStudio\;C:\Program Files (x86)\Microsoft SQL Server\120\Tools\Binn\;C:\Program Files\Microsoft SQL Server\120\Tools\Binn\;C:\Program Files (x86)\Microsoft SQL Server\120\DTS\Binn\;C:\Program Files\Microsoft SQL Server\120\DTS\Binn\;c:\Program Files (x86)\Microsoft SQL Server\100\Tools\Binn\VSShell\Common7\IDE\;c:\Program Files (x86)\Microsoft SQL Server\100\Tools\Binn\;c:\Program Files\Microsoft SQL Server\100\Tools\Binn\;c:\Program Files (x86)\Microsoft SQL Server\100\DTS\Binn\;C:\Program Files (x86)\Git\cmd;F:\perso\sapjco3\sapjco3.jar;C:\gradle-2.7/bin;C:\Program Files\MongoDB\Server\3.0\bin;C:\Program Files\nodejs\;C:\Program Files (x86)\Skype\Phone\;C:\xampp\php;C:\ProgramData\ComposerSetup\bin;C:\Program Files (x86)\Heroku\bin;C:\Program Files\cURL\bin;C:\Users\m.boutaskiouine\bin\Sencha\Cmd\6.0.0.202;C:\Users\m.boutaskiouine\AppData\Roaming\npm;C:\Users\m.boutaskiouine\AppData\Roaming\Composer\vendor\bin;F:\espace de travail\sts-bundle\sts-3.7.0.RELEASE;
USERNAME=m.boutaskiouine
OS=Windows_NT
PROCESSOR_IDENTIFIER=Intel64 Family 6 Model 60 Stepping 3, GenuineIntel



---------------  S Y S T E M  ---------------

OS: Windows 7 , 64 bit Build 7601 (6.1.7601.23418)

CPU:total 8 (4 cores per cpu, 2 threads per core) family 6 model 60 stepping 3, cmov, cx8, fxsr, mmx, sse, sse2, sse3, ssse3, sse4.1, sse4.2, popcnt, avx, avx2, aes, clmul, erms, lzcnt, ht, tsc, tscinvbit, bmi1, bmi2

Memory: 4k page, physical 8266864k(1059212k free), swap 16531868k(6835568k free)

vm_info: Java HotSpot(TM) 64-Bit Server VM (25.40-b25) for windows-amd64 JRE (1.8.0_40-b25), built on Feb 10 2015 21:53:57 by "java_re" with MS VC++ 10.0 (VS2010)

time: Sat Jul 02 13:41:10 2016
elapsed time: 3649 seconds (0d 1h 0m 49s)

